This is pdfTeX, Version 3.141592653-2.6-1.40.22 (TeX Live 2021/NixOS.org) (preloaded format=pdflatex 1980.1.1)  14 OCT 2022 18:23
entering extended mode
 restricted \write18 enabled.
 %&-line parsing enabled.
**/home/daniel/Files/Dokumente/Uni/Notes/combinatorial-optimization-notes/Notes
.tex

(/home/daniel/Files/Dokumente/Uni/Notes/combinatorial-optimization-notes/Notes.
tex
LaTeX2e <2021-11-15> patch level 1
L3 programming layer <2022-02-24>
(/nix/store/mxqz9r79fk1r6kaqvlrii2xrsy3600ll-texlive-combined-2021/share/texmf/
tex/latex/base/article.cls
Document Class: article 2021/10/04 v1.4n Standard LaTeX document class

(/nix/store/mxqz9r79fk1r6kaqvlrii2xrsy3600ll-texlive-combined-2021/share/texmf/
tex/latex/base/size11.clo
File: size11.clo 2021/10/04 v1.4n Standard LaTeX file (size option)
)
\c@part=\count185
\c@section=\count186
\c@subsection=\count187
\c@subsubsection=\count188
\c@paragraph=\count189
\c@subparagraph=\count190
\c@figure=\count191
\c@table=\count192
\abovecaptionskip=\skip47
\belowcaptionskip=\skip48
\bibindent=\dimen138
)
(/nix/store/mxqz9r79fk1r6kaqvlrii2xrsy3600ll-texlive-combined-2021/share/texmf/
tex/latex/base/fontenc.sty
Package: fontenc 2021/04/29 v2.0v Standard LaTeX package
)
(/nix/store/mxqz9r79fk1r6kaqvlrii2xrsy3600ll-texlive-combined-2021/share/texmf/
tex/latex/base/inputenc.sty
Package: inputenc 2021/02/14 v1.3d Input encoding file
\inpenc@prehook=\toks16
\inpenc@posthook=\toks17
)
(/nix/store/mxqz9r79fk1r6kaqvlrii2xrsy3600ll-texlive-combined-2021/share/texmf/
tex/latex/csquotes/csquotes.sty
Package: csquotes 2021-02-22 v5.2l context-sensitive quotations (JAW)

(/nix/store/mxqz9r79fk1r6kaqvlrii2xrsy3600ll-texlive-combined-2021/share/texmf/
tex/latex/etoolbox/etoolbox.sty
Package: etoolbox 2020/10/05 v2.5k e-TeX tools for LaTeX (JAW)
\etb@tempcnta=\count193
)
(/nix/store/mxqz9r79fk1r6kaqvlrii2xrsy3600ll-texlive-combined-2021/share/texmf/
tex/latex/graphics/keyval.sty
Package: keyval 2014/10/28 v1.15 key=value parser (DPC)
\KV@toks@=\toks18
)
\csq@reset=\count194
\csq@gtype=\count195
\csq@glevel=\count196
\csq@qlevel=\count197
\csq@maxlvl=\count198
\csq@tshold=\count199
\csq@ltx@everypar=\toks19

(/nix/store/mxqz9r79fk1r6kaqvlrii2xrsy3600ll-texlive-combined-2021/share/texmf/
tex/latex/csquotes/csquotes.def
File: csquotes.def 2021-02-22 v5.2l csquotes generic definitions (JAW)
)
Package csquotes Info: Trying to load configuration file 'csquotes.cfg'...
Package csquotes Info: ... configuration file loaded successfully.

(/nix/store/mxqz9r79fk1r6kaqvlrii2xrsy3600ll-texlive-combined-2021/share/texmf/
tex/latex/csquotes/csquotes.cfg
File: csquotes.cfg 
))
(/nix/store/mxqz9r79fk1r6kaqvlrii2xrsy3600ll-texlive-combined-2021/share/texmf/
tex/latex/amsmath/amsmath.sty
Package: amsmath 2021/10/15 v2.17l AMS math features
\@mathmargin=\skip49

For additional information on amsmath, use the `?' option.

(/nix/store/mxqz9r79fk1r6kaqvlrii2xrsy3600ll-texlive-combined-2021/share/texmf/
tex/latex/amsmath/amstext.sty
Package: amstext 2021/08/26 v2.01 AMS text

(/nix/store/mxqz9r79fk1r6kaqvlrii2xrsy3600ll-texlive-combined-2021/share/texmf/
tex/latex/amsmath/amsgen.sty
File: amsgen.sty 1999/11/30 v2.0 generic functions
\@emptytoks=\toks20
\ex@=\dimen139
))
(/nix/store/mxqz9r79fk1r6kaqvlrii2xrsy3600ll-texlive-combined-2021/share/texmf/
tex/latex/amsmath/amsbsy.sty
Package: amsbsy 1999/11/29 v1.2d Bold Symbols
\pmbraise@=\dimen140
)
(/nix/store/mxqz9r79fk1r6kaqvlrii2xrsy3600ll-texlive-combined-2021/share/texmf/
tex/latex/amsmath/amsopn.sty
Package: amsopn 2021/08/26 v2.02 operator names
)
\inf@bad=\count266
LaTeX Info: Redefining \frac on input line 234.
\uproot@=\count267
\leftroot@=\count268
LaTeX Info: Redefining \overline on input line 399.
\classnum@=\count269
\DOTSCASE@=\count270
LaTeX Info: Redefining \ldots on input line 496.
LaTeX Info: Redefining \dots on input line 499.
LaTeX Info: Redefining \cdots on input line 620.
\Mathstrutbox@=\box50
\strutbox@=\box51
\big@size=\dimen141
LaTeX Font Info:    Redeclaring font encoding OML on input line 743.
LaTeX Font Info:    Redeclaring font encoding OMS on input line 744.
\macc@depth=\count271
\c@MaxMatrixCols=\count272
\dotsspace@=\muskip16
\c@parentequation=\count273
\dspbrk@lvl=\count274
\tag@help=\toks21
\row@=\count275
\column@=\count276
\maxfields@=\count277
\andhelp@=\toks22
\eqnshift@=\dimen142
\alignsep@=\dimen143
\tagshift@=\dimen144
\tagwidth@=\dimen145
\totwidth@=\dimen146
\lineht@=\dimen147
\@envbody=\toks23
\multlinegap=\skip50
\multlinetaggap=\skip51
\mathdisplay@stack=\toks24
LaTeX Info: Redefining \[ on input line 2938.
LaTeX Info: Redefining \] on input line 2939.
)
(/nix/store/mxqz9r79fk1r6kaqvlrii2xrsy3600ll-texlive-combined-2021/share/texmf/
tex/latex/amsfonts/amssymb.sty
Package: amssymb 2013/01/14 v3.01 AMS font symbols

(/nix/store/mxqz9r79fk1r6kaqvlrii2xrsy3600ll-texlive-combined-2021/share/texmf/
tex/latex/amsfonts/amsfonts.sty
Package: amsfonts 2013/01/14 v3.01 Basic AMSFonts support
\symAMSa=\mathgroup4
\symAMSb=\mathgroup5
LaTeX Font Info:    Redeclaring math symbol \hbar on input line 98.
LaTeX Font Info:    Overwriting math alphabet `\mathfrak' in version `bold'
(Font)                  U/euf/m/n --> U/euf/b/n on input line 106.
))
(/nix/store/mxqz9r79fk1r6kaqvlrii2xrsy3600ll-texlive-combined-2021/share/texmf/
tex/latex/amscls/amsthm.sty
Package: amsthm 2020/05/29 v2.20.6
\thm@style=\toks25
\thm@bodyfont=\toks26
\thm@headfont=\toks27
\thm@notefont=\toks28
\thm@headpunct=\toks29
\thm@preskip=\skip52
\thm@postskip=\skip53
\thm@headsep=\skip54
\dth@everypar=\toks30
)
(/nix/store/mxqz9r79fk1r6kaqvlrii2xrsy3600ll-texlive-combined-2021/share/texmf/
tex/latex/mathtools/mathtools.sty
Package: mathtools 2022/02/07 v1.28a mathematical typesetting tools

(/nix/store/mxqz9r79fk1r6kaqvlrii2xrsy3600ll-texlive-combined-2021/share/texmf/
tex/latex/tools/calc.sty
Package: calc 2017/05/25 v4.3 Infix arithmetic (KKT,FJ)
\calc@Acount=\count278
\calc@Bcount=\count279
\calc@Adimen=\dimen148
\calc@Bdimen=\dimen149
\calc@Askip=\skip55
\calc@Bskip=\skip56
LaTeX Info: Redefining \setlength on input line 80.
LaTeX Info: Redefining \addtolength on input line 81.
\calc@Ccount=\count280
\calc@Cskip=\skip57
)
(/nix/store/mxqz9r79fk1r6kaqvlrii2xrsy3600ll-texlive-combined-2021/share/texmf/
tex/latex/mathtools/mhsetup.sty
Package: mhsetup 2021/03/18 v1.4 programming setup (MH)
)
\g_MT_multlinerow_int=\count281
\l_MT_multwidth_dim=\dimen150
\origjot=\skip58
\l_MT_shortvdotswithinadjustabove_dim=\dimen151
\l_MT_shortvdotswithinadjustbelow_dim=\dimen152
\l_MT_above_intertext_sep=\dimen153
\l_MT_below_intertext_sep=\dimen154
\l_MT_above_shortintertext_sep=\dimen155
\l_MT_below_shortintertext_sep=\dimen156
\xmathstrut@box=\box52
\xmathstrut@dim=\dimen157
)
(/nix/store/mxqz9r79fk1r6kaqvlrii2xrsy3600ll-texlive-combined-2021/share/texmf/
tex/latex/multirow/multirow.sty
Package: multirow 2021/03/15 v2.8 Span multiple rows of a table
\multirow@colwidth=\skip59
\multirow@cntb=\count282
\multirow@dima=\skip60
\bigstrutjot=\dimen158
)
(/nix/store/mxqz9r79fk1r6kaqvlrii2xrsy3600ll-texlive-combined-2021/share/texmf/
tex/latex/makecell/makecell.sty
Package: makecell 2009/08/03 V0.1e Managing of Tab Column Heads and Cells

(/nix/store/mxqz9r79fk1r6kaqvlrii2xrsy3600ll-texlive-combined-2021/share/texmf/
tex/latex/tools/array.sty
Package: array 2021/10/04 v2.5f Tabular extension package (FMi)
\col@sep=\dimen159
\ar@mcellbox=\box53
\extrarowheight=\dimen160
\NC@list=\toks31
\extratabsurround=\skip61
\backup@length=\skip62
\ar@cellbox=\box54
)
\rotheadsize=\dimen161
\c@nlinenum=\count283
\TeXr@lab=\toks32
)
(/nix/store/mxqz9r79fk1r6kaqvlrii2xrsy3600ll-texlive-combined-2021/share/texmf/
tex/latex/float/float.sty
Package: float 2001/11/08 v1.3d Float enhancements (AL)
\c@float@type=\count284
\float@exts=\toks33
\float@box=\box55
\@float@everytoks=\toks34
\@floatcapt=\box56
)
(/nix/store/mxqz9r79fk1r6kaqvlrii2xrsy3600ll-texlive-combined-2021/share/texmf/
tex/latex/caption/caption.sty
Package: caption 2022/03/01 v3.6b Customizing captions (AR)

(/nix/store/mxqz9r79fk1r6kaqvlrii2xrsy3600ll-texlive-combined-2021/share/texmf/
tex/latex/caption/caption3.sty
Package: caption3 2022/03/17 v2.3b caption3 kernel (AR)
\caption@tempdima=\dimen162
\captionmargin=\dimen163
\caption@leftmargin=\dimen164
\caption@rightmargin=\dimen165
\caption@width=\dimen166
\caption@indent=\dimen167
\caption@parindent=\dimen168
\caption@hangindent=\dimen169
Package caption Info: Standard document class detected.
)
\c@caption@flags=\count285
\c@continuedfloat=\count286
Package caption Info: float package is loaded.
)
(/nix/store/mxqz9r79fk1r6kaqvlrii2xrsy3600ll-texlive-combined-2021/share/texmf/
tex/latex/caption/subcaption.sty
Package: subcaption 2022/01/07 v1.5 Sub-captions (AR)
\c@subfigure=\count287
\c@subtable=\count288
)
(/nix/store/mxqz9r79fk1r6kaqvlrii2xrsy3600ll-texlive-combined-2021/share/texmf/
tex/latex/hyperref/hyperref.sty
Package: hyperref 2022-02-21 v7.00n Hypertext links for LaTeX

(/nix/store/mxqz9r79fk1r6kaqvlrii2xrsy3600ll-texlive-combined-2021/share/texmf/
tex/generic/ltxcmds/ltxcmds.sty
Package: ltxcmds 2020-05-10 v1.25 LaTeX kernel commands for general use (HO)
)
(/nix/store/mxqz9r79fk1r6kaqvlrii2xrsy3600ll-texlive-combined-2021/share/texmf/
tex/generic/iftex/iftex.sty
Package: iftex 2022/02/03 v1.0f TeX engine tests
)
(/nix/store/mxqz9r79fk1r6kaqvlrii2xrsy3600ll-texlive-combined-2021/share/texmf/
tex/generic/pdftexcmds/pdftexcmds.sty
Package: pdftexcmds 2020-06-27 v0.33 Utility functions of pdfTeX for LuaTeX (HO
)

(/nix/store/mxqz9r79fk1r6kaqvlrii2xrsy3600ll-texlive-combined-2021/share/texmf/
tex/generic/infwarerr/infwarerr.sty
Package: infwarerr 2019/12/03 v1.5 Providing info/warning/error messages (HO)
)
Package pdftexcmds Info: \pdf@primitive is available.
Package pdftexcmds Info: \pdf@ifprimitive is available.
Package pdftexcmds Info: \pdfdraftmode found.
)
(/nix/store/mxqz9r79fk1r6kaqvlrii2xrsy3600ll-texlive-combined-2021/share/texmf/
tex/generic/kvsetkeys/kvsetkeys.sty
Package: kvsetkeys 2019/12/15 v1.18 Key value parser (HO)
)
(/nix/store/mxqz9r79fk1r6kaqvlrii2xrsy3600ll-texlive-combined-2021/share/texmf/
tex/generic/kvdefinekeys/kvdefinekeys.sty
Package: kvdefinekeys 2019-12-19 v1.6 Define keys (HO)
)
(/nix/store/mxqz9r79fk1r6kaqvlrii2xrsy3600ll-texlive-combined-2021/share/texmf/
tex/generic/pdfescape/pdfescape.sty
Package: pdfescape 2019/12/09 v1.15 Implements pdfTeX's escape features (HO)
)
(/nix/store/mxqz9r79fk1r6kaqvlrii2xrsy3600ll-texlive-combined-2021/share/texmf/
tex/latex/hycolor/hycolor.sty
Package: hycolor 2020-01-27 v1.10 Color options for hyperref/bookmark (HO)
)
(/nix/store/mxqz9r79fk1r6kaqvlrii2xrsy3600ll-texlive-combined-2021/share/texmf/
tex/latex/letltxmacro/letltxmacro.sty
Package: letltxmacro 2019/12/03 v1.6 Let assignment for LaTeX macros (HO)
)
(/nix/store/mxqz9r79fk1r6kaqvlrii2xrsy3600ll-texlive-combined-2021/share/texmf/
tex/latex/auxhook/auxhook.sty
Package: auxhook 2019-12-17 v1.6 Hooks for auxiliary files (HO)
)
(/nix/store/mxqz9r79fk1r6kaqvlrii2xrsy3600ll-texlive-combined-2021/share/texmf/
tex/latex/kvoptions/kvoptions.sty
Package: kvoptions 2020-10-07 v3.14 Key value format for package options (HO)
)
\@linkdim=\dimen170
\Hy@linkcounter=\count289
\Hy@pagecounter=\count290

(/nix/store/mxqz9r79fk1r6kaqvlrii2xrsy3600ll-texlive-combined-2021/share/texmf/
tex/latex/hyperref/pd1enc.def
File: pd1enc.def 2022-02-21 v7.00n Hyperref: PDFDocEncoding definition (HO)
Now handling font encoding PD1 ...
... no UTF-8 mapping file for font encoding PD1
)
(/nix/store/mxqz9r79fk1r6kaqvlrii2xrsy3600ll-texlive-combined-2021/share/texmf/
tex/generic/intcalc/intcalc.sty
Package: intcalc 2019/12/15 v1.3 Expandable calculations with integers (HO)
)
(/nix/store/mxqz9r79fk1r6kaqvlrii2xrsy3600ll-texlive-combined-2021/share/texmf/
tex/generic/etexcmds/etexcmds.sty
Package: etexcmds 2019/12/15 v1.7 Avoid name clashes with e-TeX commands (HO)
)
\Hy@SavedSpaceFactor=\count291

(/nix/store/mxqz9r79fk1r6kaqvlrii2xrsy3600ll-texlive-combined-2021/share/texmf/
tex/latex/hyperref/puenc.def
File: puenc.def 2022-02-21 v7.00n Hyperref: PDF Unicode definition (HO)
Now handling font encoding PU ...
... no UTF-8 mapping file for font encoding PU
)
Package hyperref Info: Hyper figures OFF on input line 4137.
Package hyperref Info: Link nesting OFF on input line 4142.
Package hyperref Info: Hyper index ON on input line 4145.
Package hyperref Info: Plain pages OFF on input line 4152.
Package hyperref Info: Backreferencing OFF on input line 4157.
Package hyperref Info: Implicit mode ON; LaTeX internals redefined.
Package hyperref Info: Bookmarks ON on input line 4390.
\c@Hy@tempcnt=\count292

(/nix/store/mxqz9r79fk1r6kaqvlrii2xrsy3600ll-texlive-combined-2021/share/texmf/
tex/latex/url/url.sty
\Urlmuskip=\muskip17
Package: url 2013/09/16  ver 3.4  Verb mode for urls, etc.
)
LaTeX Info: Redefining \url on input line 4749.
\XeTeXLinkMargin=\dimen171

(/nix/store/mxqz9r79fk1r6kaqvlrii2xrsy3600ll-texlive-combined-2021/share/texmf/
tex/generic/bitset/bitset.sty
Package: bitset 2019/12/09 v1.3 Handle bit-vector datatype (HO)

(/nix/store/mxqz9r79fk1r6kaqvlrii2xrsy3600ll-texlive-combined-2021/share/texmf/
tex/generic/bigintcalc/bigintcalc.sty
Package: bigintcalc 2019/12/15 v1.5 Expandable calculations on big integers (HO
)
))
\Fld@menulength=\count293
\Field@Width=\dimen172
\Fld@charsize=\dimen173
Package hyperref Info: Hyper figures OFF on input line 6027.
Package hyperref Info: Link nesting OFF on input line 6032.
Package hyperref Info: Hyper index ON on input line 6035.
Package hyperref Info: backreferencing OFF on input line 6042.
Package hyperref Info: Link coloring OFF on input line 6047.
Package hyperref Info: Link coloring with OCG OFF on input line 6052.
Package hyperref Info: PDF/A mode OFF on input line 6057.
LaTeX Info: Redefining \ref on input line 6097.
LaTeX Info: Redefining \pageref on input line 6101.

(/nix/store/mxqz9r79fk1r6kaqvlrii2xrsy3600ll-texlive-combined-2021/share/texmf/
tex/latex/base/atbegshi-ltx.sty
Package: atbegshi-ltx 2021/01/10 v1.0c Emulation of the original atbegshi
package with kernel methods
)
\Hy@abspage=\count294
\c@Item=\count295
\c@Hfootnote=\count296
)
Package hyperref Info: Driver (autodetected): hpdftex.

(/nix/store/mxqz9r79fk1r6kaqvlrii2xrsy3600ll-texlive-combined-2021/share/texmf/
tex/latex/hyperref/hpdftex.def
File: hpdftex.def 2022-02-21 v7.00n Hyperref driver for pdfTeX

(/nix/store/mxqz9r79fk1r6kaqvlrii2xrsy3600ll-texlive-combined-2021/share/texmf/
tex/latex/base/atveryend-ltx.sty
Package: atveryend-ltx 2020/08/19 v1.0a Emulation of the original atveryend pac
kage
with kernel methods
)
\Fld@listcount=\count297
\c@bookmark@seq@number=\count298

(/nix/store/mxqz9r79fk1r6kaqvlrii2xrsy3600ll-texlive-combined-2021/share/texmf/
tex/latex/rerunfilecheck/rerunfilecheck.sty
Package: rerunfilecheck 2019/12/05 v1.9 Rerun checks for auxiliary files (HO)

(/nix/store/mxqz9r79fk1r6kaqvlrii2xrsy3600ll-texlive-combined-2021/share/texmf/
tex/generic/uniquecounter/uniquecounter.sty
Package: uniquecounter 2019/12/15 v1.4 Provide unlimited unique counter (HO)
)
Package uniquecounter Info: New unique counter `rerunfilecheck' on input line 2
86.
)
\Hy@SectionHShift=\skip63
)
(/nix/store/mxqz9r79fk1r6kaqvlrii2xrsy3600ll-texlive-combined-2021/share/texmf/
tex/latex/pgf/frontendlayer/tikz.sty
(/nix/store/mxqz9r79fk1r6kaqvlrii2xrsy3600ll-texlive-combined-2021/share/texmf/
tex/latex/pgf/basiclayer/pgf.sty
(/nix/store/mxqz9r79fk1r6kaqvlrii2xrsy3600ll-texlive-combined-2021/share/texmf/
tex/latex/pgf/utilities/pgfrcs.sty
(/nix/store/mxqz9r79fk1r6kaqvlrii2xrsy3600ll-texlive-combined-2021/share/texmf/
tex/generic/pgf/utilities/pgfutil-common.tex
\pgfutil@everybye=\toks35
\pgfutil@tempdima=\dimen174
\pgfutil@tempdimb=\dimen175

(/nix/store/mxqz9r79fk1r6kaqvlrii2xrsy3600ll-texlive-combined-2021/share/texmf/
tex/generic/pgf/utilities/pgfutil-common-lists.tex))
(/nix/store/mxqz9r79fk1r6kaqvlrii2xrsy3600ll-texlive-combined-2021/share/texmf/
tex/generic/pgf/utilities/pgfutil-latex.def
\pgfutil@abb=\box57
)
(/nix/store/mxqz9r79fk1r6kaqvlrii2xrsy3600ll-texlive-combined-2021/share/texmf/
tex/generic/pgf/utilities/pgfrcs.code.tex
(/nix/store/mxqz9r79fk1r6kaqvlrii2xrsy3600ll-texlive-combined-2021/share/texmf/
tex/generic/pgf/pgf.revision.tex)
Package: pgfrcs 2021/05/15 v3.1.9a (3.1.9a)
))
Package: pgf 2021/05/15 v3.1.9a (3.1.9a)

(/nix/store/mxqz9r79fk1r6kaqvlrii2xrsy3600ll-texlive-combined-2021/share/texmf/
tex/latex/pgf/basiclayer/pgfcore.sty
(/nix/store/mxqz9r79fk1r6kaqvlrii2xrsy3600ll-texlive-combined-2021/share/texmf/
tex/latex/graphics/graphicx.sty
Package: graphicx 2021/09/16 v1.2d Enhanced LaTeX Graphics (DPC,SPQR)

(/nix/store/mxqz9r79fk1r6kaqvlrii2xrsy3600ll-texlive-combined-2021/share/texmf/
tex/latex/graphics/graphics.sty
Package: graphics 2021/03/04 v1.4d Standard LaTeX Graphics (DPC,SPQR)

(/nix/store/mxqz9r79fk1r6kaqvlrii2xrsy3600ll-texlive-combined-2021/share/texmf/
tex/latex/graphics/trig.sty
Package: trig 2021/08/11 v1.11 sin cos tan (DPC)
)
(/nix/store/mxqz9r79fk1r6kaqvlrii2xrsy3600ll-texlive-combined-2021/share/texmf/
tex/latex/graphics-cfg/graphics.cfg
File: graphics.cfg 2016/06/04 v1.11 sample graphics configuration
)
Package graphics Info: Driver file: pdftex.def on input line 107.

(/nix/store/mxqz9r79fk1r6kaqvlrii2xrsy3600ll-texlive-combined-2021/share/texmf/
tex/latex/graphics-def/pdftex.def
File: pdftex.def 2020/10/05 v1.2a Graphics/color driver for pdftex
))
\Gin@req@height=\dimen176
\Gin@req@width=\dimen177
)
(/nix/store/mxqz9r79fk1r6kaqvlrii2xrsy3600ll-texlive-combined-2021/share/texmf/
tex/latex/pgf/systemlayer/pgfsys.sty
(/nix/store/mxqz9r79fk1r6kaqvlrii2xrsy3600ll-texlive-combined-2021/share/texmf/
tex/generic/pgf/systemlayer/pgfsys.code.tex
Package: pgfsys 2021/05/15 v3.1.9a (3.1.9a)

(/nix/store/mxqz9r79fk1r6kaqvlrii2xrsy3600ll-texlive-combined-2021/share/texmf/
tex/generic/pgf/utilities/pgfkeys.code.tex
\pgfkeys@pathtoks=\toks36
\pgfkeys@temptoks=\toks37

(/nix/store/mxqz9r79fk1r6kaqvlrii2xrsy3600ll-texlive-combined-2021/share/texmf/
tex/generic/pgf/utilities/pgfkeysfiltered.code.tex
\pgfkeys@tmptoks=\toks38
))
\pgf@x=\dimen178
\pgf@y=\dimen179
\pgf@xa=\dimen180
\pgf@ya=\dimen181
\pgf@xb=\dimen182
\pgf@yb=\dimen183
\pgf@xc=\dimen184
\pgf@yc=\dimen185
\pgf@xd=\dimen186
\pgf@yd=\dimen187
\w@pgf@writea=\write3
\r@pgf@reada=\read2
\c@pgf@counta=\count299
\c@pgf@countb=\count300
\c@pgf@countc=\count301
\c@pgf@countd=\count302
\t@pgf@toka=\toks39
\t@pgf@tokb=\toks40
\t@pgf@tokc=\toks41
\pgf@sys@id@count=\count303

(/nix/store/mxqz9r79fk1r6kaqvlrii2xrsy3600ll-texlive-combined-2021/share/texmf/
tex/generic/pgf/systemlayer/pgf.cfg
File: pgf.cfg 2021/05/15 v3.1.9a (3.1.9a)
)
Driver file for pgf: pgfsys-pdftex.def

(/nix/store/mxqz9r79fk1r6kaqvlrii2xrsy3600ll-texlive-combined-2021/share/texmf/
tex/generic/pgf/systemlayer/pgfsys-pdftex.def
File: pgfsys-pdftex.def 2021/05/15 v3.1.9a (3.1.9a)

(/nix/store/mxqz9r79fk1r6kaqvlrii2xrsy3600ll-texlive-combined-2021/share/texmf/
tex/generic/pgf/systemlayer/pgfsys-common-pdf.def
File: pgfsys-common-pdf.def 2021/05/15 v3.1.9a (3.1.9a)
)))
(/nix/store/mxqz9r79fk1r6kaqvlrii2xrsy3600ll-texlive-combined-2021/share/texmf/
tex/generic/pgf/systemlayer/pgfsyssoftpath.code.tex
File: pgfsyssoftpath.code.tex 2021/05/15 v3.1.9a (3.1.9a)
\pgfsyssoftpath@smallbuffer@items=\count304
\pgfsyssoftpath@bigbuffer@items=\count305
)
(/nix/store/mxqz9r79fk1r6kaqvlrii2xrsy3600ll-texlive-combined-2021/share/texmf/
tex/generic/pgf/systemlayer/pgfsysprotocol.code.tex
File: pgfsysprotocol.code.tex 2021/05/15 v3.1.9a (3.1.9a)
))
(/nix/store/mxqz9r79fk1r6kaqvlrii2xrsy3600ll-texlive-combined-2021/share/texmf/
tex/latex/xcolor/xcolor.sty
Package: xcolor 2021/10/31 v2.13 LaTeX color extensions (UK)

(/nix/store/mxqz9r79fk1r6kaqvlrii2xrsy3600ll-texlive-combined-2021/share/texmf/
tex/latex/graphics-cfg/color.cfg
File: color.cfg 2016/01/02 v1.6 sample color configuration
)
Package xcolor Info: Driver file: pdftex.def on input line 227.
Package xcolor Info: Model `cmy' substituted by `cmy0' on input line 1352.
Package xcolor Info: Model `hsb' substituted by `rgb' on input line 1356.
Package xcolor Info: Model `RGB' extended on input line 1368.
Package xcolor Info: Model `HTML' substituted by `rgb' on input line 1370.
Package xcolor Info: Model `Hsb' substituted by `hsb' on input line 1371.
Package xcolor Info: Model `tHsb' substituted by `hsb' on input line 1372.
Package xcolor Info: Model `HSB' substituted by `hsb' on input line 1373.
Package xcolor Info: Model `Gray' substituted by `gray' on input line 1374.
Package xcolor Info: Model `wave' substituted by `hsb' on input line 1375.
)
(/nix/store/mxqz9r79fk1r6kaqvlrii2xrsy3600ll-texlive-combined-2021/share/texmf/
tex/generic/pgf/basiclayer/pgfcore.code.tex
Package: pgfcore 2021/05/15 v3.1.9a (3.1.9a)

(/nix/store/mxqz9r79fk1r6kaqvlrii2xrsy3600ll-texlive-combined-2021/share/texmf/
tex/generic/pgf/math/pgfmath.code.tex
(/nix/store/mxqz9r79fk1r6kaqvlrii2xrsy3600ll-texlive-combined-2021/share/texmf/
tex/generic/pgf/math/pgfmathcalc.code.tex
(/nix/store/mxqz9r79fk1r6kaqvlrii2xrsy3600ll-texlive-combined-2021/share/texmf/
tex/generic/pgf/math/pgfmathutil.code.tex)
(/nix/store/mxqz9r79fk1r6kaqvlrii2xrsy3600ll-texlive-combined-2021/share/texmf/
tex/generic/pgf/math/pgfmathparser.code.tex
\pgfmath@dimen=\dimen188
\pgfmath@count=\count306
\pgfmath@box=\box58
\pgfmath@toks=\toks42
\pgfmath@stack@operand=\toks43
\pgfmath@stack@operation=\toks44
)
(/nix/store/mxqz9r79fk1r6kaqvlrii2xrsy3600ll-texlive-combined-2021/share/texmf/
tex/generic/pgf/math/pgfmathfunctions.code.tex
(/nix/store/mxqz9r79fk1r6kaqvlrii2xrsy3600ll-texlive-combined-2021/share/texmf/
tex/generic/pgf/math/pgfmathfunctions.basic.code.tex)
(/nix/store/mxqz9r79fk1r6kaqvlrii2xrsy3600ll-texlive-combined-2021/share/texmf/
tex/generic/pgf/math/pgfmathfunctions.trigonometric.code.tex)
(/nix/store/mxqz9r79fk1r6kaqvlrii2xrsy3600ll-texlive-combined-2021/share/texmf/
tex/generic/pgf/math/pgfmathfunctions.random.code.tex)
(/nix/store/mxqz9r79fk1r6kaqvlrii2xrsy3600ll-texlive-combined-2021/share/texmf/
tex/generic/pgf/math/pgfmathfunctions.comparison.code.tex)
(/nix/store/mxqz9r79fk1r6kaqvlrii2xrsy3600ll-texlive-combined-2021/share/texmf/
tex/generic/pgf/math/pgfmathfunctions.base.code.tex)
(/nix/store/mxqz9r79fk1r6kaqvlrii2xrsy3600ll-texlive-combined-2021/share/texmf/
tex/generic/pgf/math/pgfmathfunctions.round.code.tex)
(/nix/store/mxqz9r79fk1r6kaqvlrii2xrsy3600ll-texlive-combined-2021/share/texmf/
tex/generic/pgf/math/pgfmathfunctions.misc.code.tex)
(/nix/store/mxqz9r79fk1r6kaqvlrii2xrsy3600ll-texlive-combined-2021/share/texmf/
tex/generic/pgf/math/pgfmathfunctions.integerarithmetics.code.tex)))
(/nix/store/mxqz9r79fk1r6kaqvlrii2xrsy3600ll-texlive-combined-2021/share/texmf/
tex/generic/pgf/math/pgfmathfloat.code.tex
\c@pgfmathroundto@lastzeros=\count307
))
(/nix/store/mxqz9r79fk1r6kaqvlrii2xrsy3600ll-texlive-combined-2021/share/texmf/
tex/generic/pgf/math/pgfint.code.tex)
(/nix/store/mxqz9r79fk1r6kaqvlrii2xrsy3600ll-texlive-combined-2021/share/texmf/
tex/generic/pgf/basiclayer/pgfcorepoints.code.tex
File: pgfcorepoints.code.tex 2021/05/15 v3.1.9a (3.1.9a)
\pgf@picminx=\dimen189
\pgf@picmaxx=\dimen190
\pgf@picminy=\dimen191
\pgf@picmaxy=\dimen192
\pgf@pathminx=\dimen193
\pgf@pathmaxx=\dimen194
\pgf@pathminy=\dimen195
\pgf@pathmaxy=\dimen196
\pgf@xx=\dimen197
\pgf@xy=\dimen198
\pgf@yx=\dimen199
\pgf@yy=\dimen256
\pgf@zx=\dimen257
\pgf@zy=\dimen258
)
(/nix/store/mxqz9r79fk1r6kaqvlrii2xrsy3600ll-texlive-combined-2021/share/texmf/
tex/generic/pgf/basiclayer/pgfcorepathconstruct.code.tex
File: pgfcorepathconstruct.code.tex 2021/05/15 v3.1.9a (3.1.9a)
\pgf@path@lastx=\dimen259
\pgf@path@lasty=\dimen260
)
(/nix/store/mxqz9r79fk1r6kaqvlrii2xrsy3600ll-texlive-combined-2021/share/texmf/
tex/generic/pgf/basiclayer/pgfcorepathusage.code.tex
File: pgfcorepathusage.code.tex 2021/05/15 v3.1.9a (3.1.9a)
\pgf@shorten@end@additional=\dimen261
\pgf@shorten@start@additional=\dimen262
)
(/nix/store/mxqz9r79fk1r6kaqvlrii2xrsy3600ll-texlive-combined-2021/share/texmf/
tex/generic/pgf/basiclayer/pgfcorescopes.code.tex
File: pgfcorescopes.code.tex 2021/05/15 v3.1.9a (3.1.9a)
\pgfpic=\box59
\pgf@hbox=\box60
\pgf@layerbox@main=\box61
\pgf@picture@serial@count=\count308
)
(/nix/store/mxqz9r79fk1r6kaqvlrii2xrsy3600ll-texlive-combined-2021/share/texmf/
tex/generic/pgf/basiclayer/pgfcoregraphicstate.code.tex
File: pgfcoregraphicstate.code.tex 2021/05/15 v3.1.9a (3.1.9a)
\pgflinewidth=\dimen263
)
(/nix/store/mxqz9r79fk1r6kaqvlrii2xrsy3600ll-texlive-combined-2021/share/texmf/
tex/generic/pgf/basiclayer/pgfcoretransformations.code.tex
File: pgfcoretransformations.code.tex 2021/05/15 v3.1.9a (3.1.9a)
\pgf@pt@x=\dimen264
\pgf@pt@y=\dimen265
\pgf@pt@temp=\dimen266
)
(/nix/store/mxqz9r79fk1r6kaqvlrii2xrsy3600ll-texlive-combined-2021/share/texmf/
tex/generic/pgf/basiclayer/pgfcorequick.code.tex
File: pgfcorequick.code.tex 2021/05/15 v3.1.9a (3.1.9a)
)
(/nix/store/mxqz9r79fk1r6kaqvlrii2xrsy3600ll-texlive-combined-2021/share/texmf/
tex/generic/pgf/basiclayer/pgfcoreobjects.code.tex
File: pgfcoreobjects.code.tex 2021/05/15 v3.1.9a (3.1.9a)
)
(/nix/store/mxqz9r79fk1r6kaqvlrii2xrsy3600ll-texlive-combined-2021/share/texmf/
tex/generic/pgf/basiclayer/pgfcorepathprocessing.code.tex
File: pgfcorepathprocessing.code.tex 2021/05/15 v3.1.9a (3.1.9a)
)
(/nix/store/mxqz9r79fk1r6kaqvlrii2xrsy3600ll-texlive-combined-2021/share/texmf/
tex/generic/pgf/basiclayer/pgfcorearrows.code.tex
File: pgfcorearrows.code.tex 2021/05/15 v3.1.9a (3.1.9a)
\pgfarrowsep=\dimen267
)
(/nix/store/mxqz9r79fk1r6kaqvlrii2xrsy3600ll-texlive-combined-2021/share/texmf/
tex/generic/pgf/basiclayer/pgfcoreshade.code.tex
File: pgfcoreshade.code.tex 2021/05/15 v3.1.9a (3.1.9a)
\pgf@max=\dimen268
\pgf@sys@shading@range@num=\count309
\pgf@shadingcount=\count310
)
(/nix/store/mxqz9r79fk1r6kaqvlrii2xrsy3600ll-texlive-combined-2021/share/texmf/
tex/generic/pgf/basiclayer/pgfcoreimage.code.tex
File: pgfcoreimage.code.tex 2021/05/15 v3.1.9a (3.1.9a)

(/nix/store/mxqz9r79fk1r6kaqvlrii2xrsy3600ll-texlive-combined-2021/share/texmf/
tex/generic/pgf/basiclayer/pgfcoreexternal.code.tex
File: pgfcoreexternal.code.tex 2021/05/15 v3.1.9a (3.1.9a)
\pgfexternal@startupbox=\box62
))
(/nix/store/mxqz9r79fk1r6kaqvlrii2xrsy3600ll-texlive-combined-2021/share/texmf/
tex/generic/pgf/basiclayer/pgfcorelayers.code.tex
File: pgfcorelayers.code.tex 2021/05/15 v3.1.9a (3.1.9a)
)
(/nix/store/mxqz9r79fk1r6kaqvlrii2xrsy3600ll-texlive-combined-2021/share/texmf/
tex/generic/pgf/basiclayer/pgfcoretransparency.code.tex
File: pgfcoretransparency.code.tex 2021/05/15 v3.1.9a (3.1.9a)
)
(/nix/store/mxqz9r79fk1r6kaqvlrii2xrsy3600ll-texlive-combined-2021/share/texmf/
tex/generic/pgf/basiclayer/pgfcorepatterns.code.tex
File: pgfcorepatterns.code.tex 2021/05/15 v3.1.9a (3.1.9a)
)
(/nix/store/mxqz9r79fk1r6kaqvlrii2xrsy3600ll-texlive-combined-2021/share/texmf/
tex/generic/pgf/basiclayer/pgfcorerdf.code.tex
File: pgfcorerdf.code.tex 2021/05/15 v3.1.9a (3.1.9a)
)))
(/nix/store/mxqz9r79fk1r6kaqvlrii2xrsy3600ll-texlive-combined-2021/share/texmf/
tex/generic/pgf/modules/pgfmoduleshapes.code.tex
File: pgfmoduleshapes.code.tex 2021/05/15 v3.1.9a (3.1.9a)
\pgfnodeparttextbox=\box63
)
(/nix/store/mxqz9r79fk1r6kaqvlrii2xrsy3600ll-texlive-combined-2021/share/texmf/
tex/generic/pgf/modules/pgfmoduleplot.code.tex
File: pgfmoduleplot.code.tex 2021/05/15 v3.1.9a (3.1.9a)
)
(/nix/store/mxqz9r79fk1r6kaqvlrii2xrsy3600ll-texlive-combined-2021/share/texmf/
tex/latex/pgf/compatibility/pgfcomp-version-0-65.sty
Package: pgfcomp-version-0-65 2021/05/15 v3.1.9a (3.1.9a)
\pgf@nodesepstart=\dimen269
\pgf@nodesepend=\dimen270
)
(/nix/store/mxqz9r79fk1r6kaqvlrii2xrsy3600ll-texlive-combined-2021/share/texmf/
tex/latex/pgf/compatibility/pgfcomp-version-1-18.sty
Package: pgfcomp-version-1-18 2021/05/15 v3.1.9a (3.1.9a)
))
(/nix/store/mxqz9r79fk1r6kaqvlrii2xrsy3600ll-texlive-combined-2021/share/texmf/
tex/latex/pgf/utilities/pgffor.sty
(/nix/store/mxqz9r79fk1r6kaqvlrii2xrsy3600ll-texlive-combined-2021/share/texmf/
tex/latex/pgf/utilities/pgfkeys.sty
(/nix/store/mxqz9r79fk1r6kaqvlrii2xrsy3600ll-texlive-combined-2021/share/texmf/
tex/generic/pgf/utilities/pgfkeys.code.tex))
(/nix/store/mxqz9r79fk1r6kaqvlrii2xrsy3600ll-texlive-combined-2021/share/texmf/
tex/latex/pgf/math/pgfmath.sty
(/nix/store/mxqz9r79fk1r6kaqvlrii2xrsy3600ll-texlive-combined-2021/share/texmf/
tex/generic/pgf/math/pgfmath.code.tex))
(/nix/store/mxqz9r79fk1r6kaqvlrii2xrsy3600ll-texlive-combined-2021/share/texmf/
tex/generic/pgf/utilities/pgffor.code.tex
Package: pgffor 2021/05/15 v3.1.9a (3.1.9a)

(/nix/store/mxqz9r79fk1r6kaqvlrii2xrsy3600ll-texlive-combined-2021/share/texmf/
tex/generic/pgf/math/pgfmath.code.tex)
\pgffor@iter=\dimen271
\pgffor@skip=\dimen272
\pgffor@stack=\toks45
\pgffor@toks=\toks46
))
(/nix/store/mxqz9r79fk1r6kaqvlrii2xrsy3600ll-texlive-combined-2021/share/texmf/
tex/generic/pgf/frontendlayer/tikz/tikz.code.tex
Package: tikz 2021/05/15 v3.1.9a (3.1.9a)

(/nix/store/mxqz9r79fk1r6kaqvlrii2xrsy3600ll-texlive-combined-2021/share/texmf/
tex/generic/pgf/libraries/pgflibraryplothandlers.code.tex
File: pgflibraryplothandlers.code.tex 2021/05/15 v3.1.9a (3.1.9a)
\pgf@plot@mark@count=\count311
\pgfplotmarksize=\dimen273
)
\tikz@lastx=\dimen274
\tikz@lasty=\dimen275
\tikz@lastxsaved=\dimen276
\tikz@lastysaved=\dimen277
\tikz@lastmovetox=\dimen278
\tikz@lastmovetoy=\dimen279
\tikzleveldistance=\dimen280
\tikzsiblingdistance=\dimen281
\tikz@figbox=\box64
\tikz@figbox@bg=\box65
\tikz@tempbox=\box66
\tikz@tempbox@bg=\box67
\tikztreelevel=\count312
\tikznumberofchildren=\count313
\tikznumberofcurrentchild=\count314
\tikz@fig@count=\count315

(/nix/store/mxqz9r79fk1r6kaqvlrii2xrsy3600ll-texlive-combined-2021/share/texmf/
tex/generic/pgf/modules/pgfmodulematrix.code.tex
File: pgfmodulematrix.code.tex 2021/05/15 v3.1.9a (3.1.9a)
\pgfmatrixcurrentrow=\count316
\pgfmatrixcurrentcolumn=\count317
\pgf@matrix@numberofcolumns=\count318
)
\tikz@expandcount=\count319

(/nix/store/mxqz9r79fk1r6kaqvlrii2xrsy3600ll-texlive-combined-2021/share/texmf/
tex/generic/pgf/frontendlayer/tikz/libraries/tikzlibrarytopaths.code.tex
File: tikzlibrarytopaths.code.tex 2021/05/15 v3.1.9a (3.1.9a)
)))
(/nix/store/mxqz9r79fk1r6kaqvlrii2xrsy3600ll-texlive-combined-2021/share/texmf/
tex/generic/pgf/frontendlayer/tikz/libraries/tikzlibrarypositioning.code.tex
File: tikzlibrarypositioning.code.tex 2021/05/15 v3.1.9a (3.1.9a)
)
(/nix/store/mxqz9r79fk1r6kaqvlrii2xrsy3600ll-texlive-combined-2021/share/texmf/
tex/generic/pgf/frontendlayer/tikz/libraries/tikzlibrarycalc.code.tex
File: tikzlibrarycalc.code.tex 2021/05/15 v3.1.9a (3.1.9a)
)
(/nix/store/mxqz9r79fk1r6kaqvlrii2xrsy3600ll-texlive-combined-2021/share/texmf/
tex/generic/pgf/frontendlayer/tikz/libraries/tikzlibrarydecorations.markings.co
de.tex
(/nix/store/mxqz9r79fk1r6kaqvlrii2xrsy3600ll-texlive-combined-2021/share/texmf/
tex/generic/pgf/frontendlayer/tikz/libraries/tikzlibrarydecorations.code.tex
(/nix/store/mxqz9r79fk1r6kaqvlrii2xrsy3600ll-texlive-combined-2021/share/texmf/
tex/generic/pgf/modules/pgfmoduledecorations.code.tex
\pgfdecoratedcompleteddistance=\dimen282
\pgfdecoratedremainingdistance=\dimen283
\pgfdecoratedinputsegmentcompleteddistance=\dimen284
\pgfdecoratedinputsegmentremainingdistance=\dimen285
\pgf@decorate@distancetomove=\dimen286
\pgf@decorate@repeatstate=\count320
\pgfdecorationsegmentamplitude=\dimen287
\pgfdecorationsegmentlength=\dimen288
)
\tikz@lib@dec@box=\box68
)
(/nix/store/mxqz9r79fk1r6kaqvlrii2xrsy3600ll-texlive-combined-2021/share/texmf/
tex/generic/pgf/libraries/decorations/pgflibrarydecorations.markings.code.tex))

(/nix/store/mxqz9r79fk1r6kaqvlrii2xrsy3600ll-texlive-combined-2021/share/texmf/
tex/generic/pgf/libraries/pgflibraryarrows.meta.code.tex
File: pgflibraryarrows.meta.code.tex 2021/05/15 v3.1.9a (3.1.9a)
\pgfarrowinset=\dimen289
\pgfarrowlength=\dimen290
\pgfarrowwidth=\dimen291
\pgfarrowlinewidth=\dimen292
)
(/nix/store/mxqz9r79fk1r6kaqvlrii2xrsy3600ll-texlive-combined-2021/share/texmf/
tex/latex/algorithm2e/algorithm2e.sty
Package: algorithm2e 2017/07/18 v5.2 algorithms environments
\c@AlgoLine=\count321

(/nix/store/mxqz9r79fk1r6kaqvlrii2xrsy3600ll-texlive-combined-2021/share/texmf/
tex/latex/base/ifthen.sty
Package: ifthen 2020/11/24 v1.1c Standard LaTeX ifthen package (DPC)
)
\algocf@hangindent=\skip64

(/nix/store/mxqz9r79fk1r6kaqvlrii2xrsy3600ll-texlive-combined-2021/share/texmf/
tex/latex/ifoddpage/ifoddpage.sty
Package: ifoddpage 2016/04/23 v1.1 Conditionals for odd/even page detection
\c@checkoddpage=\count322
)
(/nix/store/mxqz9r79fk1r6kaqvlrii2xrsy3600ll-texlive-combined-2021/share/texmf/
tex/latex/tools/xspace.sty
Package: xspace 2014/10/28 v1.13 Space after command names (DPC,MH)
)
(/nix/store/mxqz9r79fk1r6kaqvlrii2xrsy3600ll-texlive-combined-2021/share/texmf/
tex/latex/relsize/relsize.sty
Package: relsize 2013/03/29 ver 4.1
)
\skiptotal=\skip65
\skiplinenumber=\skip66
\skiprule=\skip67
\skiphlne=\skip68
\skiptext=\skip69
\skiplength=\skip70
\algomargin=\skip71
\skipalgocfslide=\skip72
\algowidth=\dimen293
\inoutsize=\dimen294
\inoutindent=\dimen295
\interspacetitleruled=\dimen296
\interspacealgoruled=\dimen297
\interspacetitleboxruled=\dimen298
\algocf@ruledwidth=\skip73
\algocf@inoutbox=\box69
\algocf@inputbox=\box70
\AlCapSkip=\skip74
\AlCapHSkip=\skip75
\algoskipindent=\skip76
\algocf@nlbox=\box71
\algocf@hangingbox=\box72
\algocf@untilbox=\box73
\algocf@skipuntil=\skip77
\algocf@capbox=\box74
\algocf@lcaptionbox=\skip78
\algoheightruledefault=\skip79
\algoheightrule=\skip80
\algotitleheightruledefault=\skip81
\algotitleheightrule=\skip82
\c@algocfline=\count323
\c@algocfproc=\count324
\c@algocf=\count325
\algocf@algoframe=\box75
\algocf@algobox=\box76
)
\c@thmcounter=\count326
Package csquotes Info: Checking for multilingual support...
Package csquotes Info: ... none found.

(/nix/store/mxqz9r79fk1r6kaqvlrii2xrsy3600ll-texlive-combined-2021/share/texmf/
tex/latex/l3backend/l3backend-pdftex.def
File: l3backend-pdftex.def 2022-02-07 L3 backend support: PDF output (pdfTeX)
\l__color_backend_stack_int=\count327
\l__pdf_internal_box=\box77
) (./Notes.aux)
\openout1 = `Notes.aux'.

LaTeX Font Info:    Checking defaults for OML/cmm/m/it on input line 63.
LaTeX Font Info:    ... okay on input line 63.
LaTeX Font Info:    Checking defaults for OMS/cmsy/m/n on input line 63.
LaTeX Font Info:    ... okay on input line 63.
LaTeX Font Info:    Checking defaults for OT1/cmr/m/n on input line 63.
LaTeX Font Info:    ... okay on input line 63.
LaTeX Font Info:    Checking defaults for T1/cmr/m/n on input line 63.
LaTeX Font Info:    ... okay on input line 63.
LaTeX Font Info:    Checking defaults for TS1/cmr/m/n on input line 63.
LaTeX Font Info:    ... okay on input line 63.
LaTeX Font Info:    Checking defaults for OMX/cmex/m/n on input line 63.
LaTeX Font Info:    ... okay on input line 63.
LaTeX Font Info:    Checking defaults for U/cmr/m/n on input line 63.
LaTeX Font Info:    ... okay on input line 63.
LaTeX Font Info:    Checking defaults for PD1/pdf/m/n on input line 63.
LaTeX Font Info:    ... okay on input line 63.
LaTeX Font Info:    Checking defaults for PU/pdf/m/n on input line 63.
LaTeX Font Info:    ... okay on input line 63.
Package caption Info: Begin \AtBeginDocument code.
Package caption Info: hyperref package is loaded.
Package caption Info: End \AtBeginDocument code.
Package hyperref Info: Link coloring OFF on input line 63.

(/nix/store/mxqz9r79fk1r6kaqvlrii2xrsy3600ll-texlive-combined-2021/share/texmf/
tex/latex/hyperref/nameref.sty
Package: nameref 2021-04-02 v2.47 Cross-referencing by name of section

(/nix/store/mxqz9r79fk1r6kaqvlrii2xrsy3600ll-texlive-combined-2021/share/texmf/
tex/latex/refcount/refcount.sty
Package: refcount 2019/12/15 v3.6 Data extraction from label references (HO)
)
(/nix/store/mxqz9r79fk1r6kaqvlrii2xrsy3600ll-texlive-combined-2021/share/texmf/
tex/generic/gettitlestring/gettitlestring.sty
Package: gettitlestring 2019/12/15 v1.6 Cleanup title references (HO)
)
\c@section@level=\count328
)
LaTeX Info: Redefining \ref on input line 63.
LaTeX Info: Redefining \pageref on input line 63.
LaTeX Info: Redefining \nameref on input line 63.
 (./Notes.out) (./Notes.out)
\@outlinefile=\write4
\openout4 = `Notes.out'.


(/nix/store/mxqz9r79fk1r6kaqvlrii2xrsy3600ll-texlive-combined-2021/share/texmf/
tex/context/base/mkii/supp-pdf.mkii
[Loading MPS to PDF converter (version 2006.09.02).]
\scratchcounter=\count329
\scratchdimen=\dimen299
\scratchbox=\box78
\nofMPsegments=\count330
\nofMParguments=\count331
\everyMPshowfont=\toks47
\MPscratchCnt=\count332
\MPscratchDim=\dimen300
\MPnumerator=\count333
\makeMPintoPDFobject=\count334
\everyMPtoPDFconversion=\toks48
)
(/nix/store/mxqz9r79fk1r6kaqvlrii2xrsy3600ll-texlive-combined-2021/share/texmf/
tex/latex/epstopdf-pkg/epstopdf-base.sty
Package: epstopdf-base 2020-01-24 v2.11 Base part for package epstopdf
Package epstopdf-base Info: Redefining graphics rule for `.eps' on input line 4
85.

(/nix/store/mxqz9r79fk1r6kaqvlrii2xrsy3600ll-texlive-combined-2021/share/texmf/
tex/latex/latexconfig/epstopdf-sys.cfg
File: epstopdf-sys.cfg 2010/07/13 v1.3 Configuration of (r)epstopdf for TeX Liv
e
))
LaTeX Font Info:    Trying to load font information for U+msa on input line 65.


(/nix/store/mxqz9r79fk1r6kaqvlrii2xrsy3600ll-texlive-combined-2021/share/texmf/
tex/latex/amsfonts/umsa.fd
File: umsa.fd 2013/01/14 v3.01 AMS symbols A
)
LaTeX Font Info:    Trying to load font information for U+msb on input line 65.


(/nix/store/mxqz9r79fk1r6kaqvlrii2xrsy3600ll-texlive-combined-2021/share/texmf/
tex/latex/amsfonts/umsb.fd
File: umsb.fd 2013/01/14 v3.01 AMS symbols B
) (./Notes.toc)
\tf@toc=\write5
\openout5 = `Notes.toc'.

 [1

{/nix/store/mxqz9r79fk1r6kaqvlrii2xrsy3600ll-texlive-combined-2021/share/texmf-
var/fonts/map/pdftex/updmap/pdftex.map}] [2

] [3] [4]
Overfull \hbox (16.68808pt too wide) in paragraph at lines 273--276
[][]\T1/cmr/m/it/10.95 Remark \T1/cmr/m/n/10.95 14\T1/cmr/m/it/10.95 . []$\OML/
cmm/m/it/10.95 T[]\OT1/cmr/m/n/10.95 (\OML/cmm/m/it/10.95 X\OT1/cmr/m/n/10.95 )
$ \T1/cmr/m/n/10.95 is shew-symmetric (i.e. $\OML/cmm/m/it/10.95 T[]\OT1/cmr/m/
n/10.95 (\OML/cmm/m/it/10.95 X\OT1/cmr/m/n/10.95 ) = \OMS/cmsy/m/n/10.95 ^^@\OT
1/cmr/m/n/10.95 (\OML/cmm/m/it/10.95 T[]\OT1/cmr/m/n/10.95 (\OML/cmm/m/it/10.95
 X\OT1/cmr/m/n/10.95 ))[]$\T1/cmr/m/n/10.95 ). $[]\OT1/cmr/m/n/10.95 (\OML/cmm/
m/it/10.95 T[]\OT1/cmr/m/n/10.95 (\OML/cmm/m/it/10.95 X\OT1/cmr/m/n/10.95 ))$
 []


Overfull \hbox (20.12599pt too wide) in paragraph at lines 280--282
[][]\T1/cmr/bx/n/10.95 Theorem 15 \T1/cmr/m/n/10.95 (Tutte)\T1/cmr/bx/n/10.95 .
 []\T1/cmr/m/it/10.95 A sim-ple graph $\OML/cmm/m/it/10.95 G$ \T1/cmr/m/it/10.9
5 has a per-fect match-ing $\OMS/cmsy/m/n/10.95 , []\OT1/cmr/m/n/10.95 (\OML/cm
m/m/it/10.95 T[]\OT1/cmr/m/n/10.95 (\OML/cmm/m/it/10.95 X\OT1/cmr/m/n/10.95 )) 
\OMS/cmsy/m/n/10.95 6\OT1/cmr/m/n/10.95 =
 []

[5] [6] [7] (./Notes.aux)
Package rerunfilecheck Info: File `Notes.out' has not changed.
(rerunfilecheck)             Checksum: D6F9673398A0B0AC5ACCD7095BDB73CC;1187.
 ) 
Here is how much of TeX's memory you used:
 25396 strings out of 478278
 491305 string characters out of 5825089
 747779 words of memory out of 5000000
 43120 multiletter control sequences out of 15000+600000
 487743 words of font info for 75 fonts, out of 8000000 for 9000
 1141 hyphenation exceptions out of 8191
 100i,12n,104p,486b,558s stack positions out of 5000i,500n,10000p,200000b,80000s
{/nix/store/mxqz9r79fk1r6kaqvlrii2xrsy3600ll-texlive-combined-2021/share/texm
f/fonts/enc/dvips/cm-super/cm-super-t1.enc}{/nix/store/mxqz9r79fk1r6kaqvlrii2xr
sy3600ll-texlive-combined-2021/share/texmf/fonts/enc/dvips/cm-super/cm-super-ts
1.enc}</nix/store/mxqz9r79fk1r6kaqvlrii2xrsy3600ll-texlive-combined-2021/share/
texmf/fonts/type1/public/amsfonts/cm/cmex10.pfb></nix/store/mxqz9r79fk1r6kaqvlr
ii2xrsy3600ll-texlive-combined-2021/share/texmf/fonts/type1/public/amsfonts/cm/
cmmi10.pfb></nix/store/mxqz9r79fk1r6kaqvlrii2xrsy3600ll-texlive-combined-2021/s
hare/texmf/fonts/type1/public/amsfonts/cm/cmmi6.pfb></nix/store/mxqz9r79fk1r6ka
qvlrii2xrsy3600ll-texlive-combined-2021/share/texmf/fonts/type1/public/amsfonts
/cm/cmmi8.pfb></nix/store/mxqz9r79fk1r6kaqvlrii2xrsy3600ll-texlive-combined-202
1/share/texmf/fonts/type1/public/amsfonts/cm/cmmi9.pfb></nix/store/mxqz9r79fk1r
6kaqvlrii2xrsy3600ll-texlive-combined-2021/share/texmf/fonts/type1/public/amsfo
nts/cm/cmr10.pfb></nix/store/mxqz9r79fk1r6kaqvlrii2xrsy3600ll-texlive-combined-
2021/share/texmf/fonts/type1/public/amsfonts/cm/cmr6.pfb></nix/store/mxqz9r79fk
1r6kaqvlrii2xrsy3600ll-texlive-combined-2021/share/texmf/fonts/type1/public/ams
fonts/cm/cmr8.pfb></nix/store/mxqz9r79fk1r6kaqvlrii2xrsy3600ll-texlive-combined
-2021/share/texmf/fonts/type1/public/amsfonts/cm/cmr9.pfb></nix/store/mxqz9r79f
k1r6kaqvlrii2xrsy3600ll-texlive-combined-2021/share/texmf/fonts/type1/public/am
sfonts/cm/cmsy10.pfb></nix/store/mxqz9r79fk1r6kaqvlrii2xrsy3600ll-texlive-combi
ned-2021/share/texmf/fonts/type1/public/amsfonts/cm/cmsy6.pfb></nix/store/mxqz9
r79fk1r6kaqvlrii2xrsy3600ll-texlive-combined-2021/share/texmf/fonts/type1/publi
c/amsfonts/cm/cmsy8.pfb></nix/store/mxqz9r79fk1r6kaqvlrii2xrsy3600ll-texlive-co
mbined-2021/share/texmf/fonts/type1/public/amsfonts/cm/cmsy9.pfb></nix/store/mx
qz9r79fk1r6kaqvlrii2xrsy3600ll-texlive-combined-2021/share/texmf/fonts/type1/pu
blic/amsfonts/symbols/msbm10.pfb></nix/store/mxqz9r79fk1r6kaqvlrii2xrsy3600ll-t
exlive-combined-2021/share/texmf/fonts/type1/public/cm-super/sfbx1095.pfb></nix
/store/mxqz9r79fk1r6kaqvlrii2xrsy3600ll-texlive-combined-2021/share/texmf/fonts
/type1/public/cm-super/sfbx1200.pfb></nix/store/mxqz9r79fk1r6kaqvlrii2xrsy3600l
l-texlive-combined-2021/share/texmf/fonts/type1/public/cm-super/sfbx1440.pfb></
nix/store/mxqz9r79fk1r6kaqvlrii2xrsy3600ll-texlive-combined-2021/share/texmf/fo
nts/type1/public/cm-super/sfrm0600.pfb></nix/store/mxqz9r79fk1r6kaqvlrii2xrsy36
00ll-texlive-combined-2021/share/texmf/fonts/type1/public/cm-super/sfrm0800.pfb
></nix/store/mxqz9r79fk1r6kaqvlrii2xrsy3600ll-texlive-combined-2021/share/texmf
/fonts/type1/public/cm-super/sfrm0900.pfb></nix/store/mxqz9r79fk1r6kaqvlrii2xrs
y3600ll-texlive-combined-2021/share/texmf/fonts/type1/public/cm-super/sfrm1095.
pfb></nix/store/mxqz9r79fk1r6kaqvlrii2xrsy3600ll-texlive-combined-2021/share/te
xmf/fonts/type1/public/cm-super/sfrm1200.pfb></nix/store/mxqz9r79fk1r6kaqvlrii2
xrsy3600ll-texlive-combined-2021/share/texmf/fonts/type1/public/cm-super/sfrm17
28.pfb></nix/store/mxqz9r79fk1r6kaqvlrii2xrsy3600ll-texlive-combined-2021/share
/texmf/fonts/type1/public/cm-super/sfti1095.pfb>
Output written on Notes.pdf (7 pages, 333018 bytes).
PDF statistics:
 264 PDF objects out of 1000 (max. 8388607)
 203 compressed objects within 3 object streams
 52 named destinations out of 1000 (max. 500000)
 85 words of extra memory for PDF output out of 10000 (max. 10000000)

